[2024-11-06 19:15:36] local.ERROR: Class "Database\Seeders\Category" not found {"exception":"[object] (Error(code: 0): Class \"Database\\Seeders\\Category\" not found at /mnt/c/Users/aluno.lab03/Documents/atividade_03/web_02/database/seeders/CategorySeeder.php:29)
[stacktrace]
#0 /mnt/c/Users/aluno.lab03/Documents/atividade_03/web_02/vendor/laravel/framework/src/Illuminate/Container/BoundMethod.php(36): Database\\Seeders\\CategorySeeder->run()
#1 /mnt/c/Users/aluno.lab03/Documents/atividade_03/web_02/vendor/laravel/framework/src/Illuminate/Container/Util.php(43): Illuminate\\Container\\BoundMethod::Illuminate\\Container\\{closure}()
#2 /mnt/c/Users/aluno.lab03/Documents/atividade_03/web_02/vendor/laravel/framework/src/Illuminate/Container/BoundMethod.php(95): Illuminate\\Container\\Util::unwrapIfClosure(Object(Closure))
#3 /mnt/c/Users/aluno.lab03/Documents/atividade_03/web_02/vendor/laravel/framework/src/Illuminate/Container/BoundMethod.php(35): Illuminate\\Container\\BoundMethod::callBoundMethod(Object(Illuminate\\Foundation\\Application), Array, Object(Closure))
#4 /mnt/c/Users/aluno.lab03/Documents/atividade_03/web_02/vendor/laravel/framework/src/Illuminate/Container/Container.php(690): Illuminate\\Container\\BoundMethod::call(Object(Illuminate\\Foundation\\Application), Array, Array, NULL)
#5 /mnt/c/Users/aluno.lab03/Documents/atividade_03/web_02/vendor/laravel/framework/src/Illuminate/Database/Seeder.php(184): Illuminate\\Container\\Container->call(Array, Array)
#6 /mnt/c/Users/aluno.lab03/Documents/atividade_03/web_02/vendor/laravel/framework/src/Illuminate/Database/Seeder.php(193): Illuminate\\Database\\Seeder->Illuminate\\Database\\{closure}()
#7 /mnt/c/Users/aluno.lab03/Documents/atividade_03/web_02/vendor/laravel/framework/src/Illuminate/Database/Console/Seeds/SeedCommand.php(70): Illuminate\\Database\\Seeder->__invoke()
#8 /mnt/c/Users/aluno.lab03/Documents/atividade_03/web_02/vendor/laravel/framework/src/Illuminate/Database/Eloquent/Concerns/GuardsAttributes.php(155): Illuminate\\Database\\Console\\Seeds\\SeedCommand->Illuminate\\Database\\Console\\Seeds\\{closure}()
#9 /mnt/c/Users/aluno.lab03/Documents/atividade_03/web_02/vendor/laravel/framework/src/Illuminate/Database/Console/Seeds/SeedCommand.php(69): Illuminate\\Database\\Eloquent\\Model::unguarded(Object(Closure))
#10 /mnt/c/Users/aluno.lab03/Documents/atividade_03/web_02/vendor/laravel/framework/src/Illuminate/Container/BoundMethod.php(36): Illuminate\\Database\\Console\\Seeds\\SeedCommand->handle()
#11 /mnt/c/Users/aluno.lab03/Documents/atividade_03/web_02/vendor/laravel/framework/src/Illuminate/Container/Util.php(43): Illuminate\\Container\\BoundMethod::Illuminate\\Container\\{closure}()
#12 /mnt/c/Users/aluno.lab03/Documents/atividade_03/web_02/vendor/laravel/framework/src/Illuminate/Container/BoundMethod.php(95): Illuminate\\Container\\Util::unwrapIfClosure(Object(Closure))
#13 /mnt/c/Users/aluno.lab03/Documents/atividade_03/web_02/vendor/laravel/framework/src/Illuminate/Container/BoundMethod.php(35): Illuminate\\Container\\BoundMethod::callBoundMethod(Object(Illuminate\\Foundation\\Application), Array, Object(Closure))
#14 /mnt/c/Users/aluno.lab03/Documents/atividade_03/web_02/vendor/laravel/framework/src/Illuminate/Container/Container.php(690): Illuminate\\Container\\BoundMethod::call(Object(Illuminate\\Foundation\\Application), Array, Array, NULL)
#15 /mnt/c/Users/aluno.lab03/Documents/atividade_03/web_02/vendor/laravel/framework/src/Illuminate/Console/Command.php(213): Illuminate\\Container\\Container->call(Array)
#16 /mnt/c/Users/aluno.lab03/Documents/atividade_03/web_02/vendor/symfony/console/Command/Command.php(279): Illuminate\\Console\\Command->execute(Object(Symfony\\Component\\Console\\Input\\ArgvInput), Object(Illuminate\\Console\\OutputStyle))
#17 /mnt/c/Users/aluno.lab03/Documents/atividade_03/web_02/vendor/laravel/framework/src/Illuminate/Console/Command.php(182): Symfony\\Component\\Console\\Command\\Command->run(Object(Symfony\\Component\\Console\\Input\\ArgvInput), Object(Illuminate\\Console\\OutputStyle))
#18 /mnt/c/Users/aluno.lab03/Documents/atividade_03/web_02/vendor/symfony/console/Application.php(1047): Illuminate\\Console\\Command->run(Object(Symfony\\Component\\Console\\Input\\ArgvInput), Object(Symfony\\Component\\Console\\Output\\ConsoleOutput))
#19 /mnt/c/Users/aluno.lab03/Documents/atividade_03/web_02/vendor/symfony/console/Application.php(316): Symfony\\Component\\Console\\Application->doRunCommand(Object(Illuminate\\Database\\Console\\Seeds\\SeedCommand), Object(Symfony\\Component\\Console\\Input\\ArgvInput), Object(Symfony\\Component\\Console\\Output\\ConsoleOutput))
#20 /mnt/c/Users/aluno.lab03/Documents/atividade_03/web_02/vendor/symfony/console/Application.php(167): Symfony\\Component\\Console\\Application->doRun(Object(Symfony\\Component\\Console\\Input\\ArgvInput), Object(Symfony\\Component\\Console\\Output\\ConsoleOutput))
#21 /mnt/c/Users/aluno.lab03/Documents/atividade_03/web_02/vendor/laravel/framework/src/Illuminate/Foundation/Console/Kernel.php(197): Symfony\\Component\\Console\\Application->run(Object(Symfony\\Component\\Console\\Input\\ArgvInput), Object(Symfony\\Component\\Console\\Output\\ConsoleOutput))
#22 /mnt/c/Users/aluno.lab03/Documents/atividade_03/web_02/vendor/laravel/framework/src/Illuminate/Foundation/Application.php(1203): Illuminate\\Foundation\\Console\\Kernel->handle(Object(Symfony\\Component\\Console\\Input\\ArgvInput), Object(Symfony\\Component\\Console\\Output\\ConsoleOutput))
#23 /mnt/c/Users/aluno.lab03/Documents/atividade_03/web_02/artisan(13): Illuminate\\Foundation\\Application->handleCommand(Object(Symfony\\Component\\Console\\Input\\ArgvInput))
#24 {main}
"} 
[2024-11-06 19:18:03] local.ERROR: Trait "App\Models\Hasfactory" not found {"exception":"[object] (Symfony\\Component\\ErrorHandler\\Error\\FatalError(code: 0): Trait \"App\\Models\\Hasfactory\" not found at /mnt/c/Users/aluno.lab03/Documents/atividade_03/web_02/app/Models/Category.php:7)
[stacktrace]
#0 {main}
"} 
[2024-11-06 19:52:54] local.ERROR: SQLSTATE[23000]: Integrity constraint violation: 1062 Duplicate entry 'test@example.com' for key 'users.users_email_unique' (Connection: mysql, SQL: insert into `users` (`name`, `email`, `email_verified_at`, `password`, `remember_token`, `updated_at`, `created_at`) values (Test User, test@example.com, 2024-11-06 19:52:53, $2y$12$H37dZdN0SHoB2uLnR.AQ5eZJZSG/BLqgdtwe/NnNz/zS0qvPaebVG, W2XyuJfsmi, 2024-11-06 19:52:53, 2024-11-06 19:52:53)) {"exception":"[object] (Illuminate\\Database\\UniqueConstraintViolationException(code: 23000): SQLSTATE[23000]: Integrity constraint violation: 1062 Duplicate entry 'test@example.com' for key 'users.users_email_unique' (Connection: mysql, SQL: insert into `users` (`name`, `email`, `email_verified_at`, `password`, `remember_token`, `updated_at`, `created_at`) values (Test User, test@example.com, 2024-11-06 19:52:53, $2y$12$H37dZdN0SHoB2uLnR.AQ5eZJZSG/BLqgdtwe/NnNz/zS0qvPaebVG, W2XyuJfsmi, 2024-11-06 19:52:53, 2024-11-06 19:52:53)) at /mnt/c/Users/aluno.lab03/Documents/atividade_03/web_02/vendor/laravel/framework/src/Illuminate/Database/Connection.php:820)
[stacktrace]
#0 /mnt/c/Users/aluno.lab03/Documents/atividade_03/web_02/vendor/laravel/framework/src/Illuminate/Database/Connection.php(779): Illuminate\\Database\\Connection->runQueryCallback('insert into `us...', Array, Object(Closure))
#1 /mnt/c/Users/aluno.lab03/Documents/atividade_03/web_02/vendor/laravel/framework/src/Illuminate/Database/MySqlConnection.php(42): Illuminate\\Database\\Connection->run('insert into `us...', Array, Object(Closure))
#2 /mnt/c/Users/aluno.lab03/Documents/atividade_03/web_02/vendor/laravel/framework/src/Illuminate/Database/Query/Processors/MySqlProcessor.php(35): Illuminate\\Database\\MySqlConnection->insert('insert into `us...', Array, 'id')
#3 /mnt/c/Users/aluno.lab03/Documents/atividade_03/web_02/vendor/laravel/framework/src/Illuminate/Database/Query/Builder.php(3798): Illuminate\\Database\\Query\\Processors\\MySqlProcessor->processInsertGetId(Object(Illuminate\\Database\\Query\\Builder), 'insert into `us...', Array, 'id')
#4 /mnt/c/Users/aluno.lab03/Documents/atividade_03/web_02/vendor/laravel/framework/src/Illuminate/Database/Eloquent/Builder.php(2038): Illuminate\\Database\\Query\\Builder->insertGetId(Array, 'id')
#5 /mnt/c/Users/aluno.lab03/Documents/atividade_03/web_02/vendor/laravel/framework/src/Illuminate/Database/Eloquent/Model.php(1358): Illuminate\\Database\\Eloquent\\Builder->__call('insertGetId', Array)
#6 /mnt/c/Users/aluno.lab03/Documents/atividade_03/web_02/vendor/laravel/framework/src/Illuminate/Database/Eloquent/Model.php(1323): Illuminate\\Database\\Eloquent\\Model->insertAndSetId(Object(Illuminate\\Database\\Eloquent\\Builder), Array)
#7 /mnt/c/Users/aluno.lab03/Documents/atividade_03/web_02/vendor/laravel/framework/src/Illuminate/Database/Eloquent/Model.php(1162): Illuminate\\Database\\Eloquent\\Model->performInsert(Object(Illuminate\\Database\\Eloquent\\Builder))
#8 /mnt/c/Users/aluno.lab03/Documents/atividade_03/web_02/vendor/laravel/framework/src/Illuminate/Database/Eloquent/Factories/Factory.php(338): Illuminate\\Database\\Eloquent\\Model->save()
#9 /mnt/c/Users/aluno.lab03/Documents/atividade_03/web_02/vendor/laravel/framework/src/Illuminate/Collections/Traits/EnumeratesValues.php(257): Illuminate\\Database\\Eloquent\\Factories\\Factory->Illuminate\\Database\\Eloquent\\Factories\\{closure}(Object(App\\Models\\User), 0)
#10 /mnt/c/Users/aluno.lab03/Documents/atividade_03/web_02/vendor/laravel/framework/src/Illuminate/Database/Eloquent/Factories/Factory.php(333): Illuminate\\Support\\Collection->each(Object(Closure))
#11 /mnt/c/Users/aluno.lab03/Documents/atividade_03/web_02/vendor/laravel/framework/src/Illuminate/Database/Eloquent/Factories/Factory.php(287): Illuminate\\Database\\Eloquent\\Factories\\Factory->store(Object(Illuminate\\Support\\Collection))
#12 /mnt/c/Users/aluno.lab03/Documents/atividade_03/web_02/vendor/laravel/framework/src/Illuminate/Database/Eloquent/Factories/Factory.php(281): Illuminate\\Database\\Eloquent\\Factories\\Factory->create(Array, NULL)
#13 /mnt/c/Users/aluno.lab03/Documents/atividade_03/web_02/database/seeders/DatabaseSeeder.php(18): Illuminate\\Database\\Eloquent\\Factories\\Factory->create(Array)
#14 /mnt/c/Users/aluno.lab03/Documents/atividade_03/web_02/vendor/laravel/framework/src/Illuminate/Container/BoundMethod.php(36): Database\\Seeders\\DatabaseSeeder->run()
#15 /mnt/c/Users/aluno.lab03/Documents/atividade_03/web_02/vendor/laravel/framework/src/Illuminate/Container/Util.php(43): Illuminate\\Container\\BoundMethod::Illuminate\\Container\\{closure}()
#16 /mnt/c/Users/aluno.lab03/Documents/atividade_03/web_02/vendor/laravel/framework/src/Illuminate/Container/BoundMethod.php(95): Illuminate\\Container\\Util::unwrapIfClosure(Object(Closure))
#17 /mnt/c/Users/aluno.lab03/Documents/atividade_03/web_02/vendor/laravel/framework/src/Illuminate/Container/BoundMethod.php(35): Illuminate\\Container\\BoundMethod::callBoundMethod(Object(Illuminate\\Foundation\\Application), Array, Object(Closure))
#18 /mnt/c/Users/aluno.lab03/Documents/atividade_03/web_02/vendor/laravel/framework/src/Illuminate/Container/Container.php(690): Illuminate\\Container\\BoundMethod::call(Object(Illuminate\\Foundation\\Application), Array, Array, NULL)
#19 /mnt/c/Users/aluno.lab03/Documents/atividade_03/web_02/vendor/laravel/framework/src/Illuminate/Database/Seeder.php(184): Illuminate\\Container\\Container->call(Array, Array)
#20 /mnt/c/Users/aluno.lab03/Documents/atividade_03/web_02/vendor/laravel/framework/src/Illuminate/Database/Seeder.php(193): Illuminate\\Database\\Seeder->Illuminate\\Database\\{closure}()
#21 /mnt/c/Users/aluno.lab03/Documents/atividade_03/web_02/vendor/laravel/framework/src/Illuminate/Database/Console/Seeds/SeedCommand.php(70): Illuminate\\Database\\Seeder->__invoke()
#22 /mnt/c/Users/aluno.lab03/Documents/atividade_03/web_02/vendor/laravel/framework/src/Illuminate/Database/Eloquent/Concerns/GuardsAttributes.php(155): Illuminate\\Database\\Console\\Seeds\\SeedCommand->Illuminate\\Database\\Console\\Seeds\\{closure}()
#23 /mnt/c/Users/aluno.lab03/Documents/atividade_03/web_02/vendor/laravel/framework/src/Illuminate/Database/Console/Seeds/SeedCommand.php(69): Illuminate\\Database\\Eloquent\\Model::unguarded(Object(Closure))
#24 /mnt/c/Users/aluno.lab03/Documents/atividade_03/web_02/vendor/laravel/framework/src/Illuminate/Container/BoundMethod.php(36): Illuminate\\Database\\Console\\Seeds\\SeedCommand->handle()
#25 /mnt/c/Users/aluno.lab03/Documents/atividade_03/web_02/vendor/laravel/framework/src/Illuminate/Container/Util.php(43): Illuminate\\Container\\BoundMethod::Illuminate\\Container\\{closure}()
#26 /mnt/c/Users/aluno.lab03/Documents/atividade_03/web_02/vendor/laravel/framework/src/Illuminate/Container/BoundMethod.php(95): Illuminate\\Container\\Util::unwrapIfClosure(Object(Closure))
#27 /mnt/c/Users/aluno.lab03/Documents/atividade_03/web_02/vendor/laravel/framework/src/Illuminate/Container/BoundMethod.php(35): Illuminate\\Container\\BoundMethod::callBoundMethod(Object(Illuminate\\Foundation\\Application), Array, Object(Closure))
#28 /mnt/c/Users/aluno.lab03/Documents/atividade_03/web_02/vendor/laravel/framework/src/Illuminate/Container/Container.php(690): Illuminate\\Container\\BoundMethod::call(Object(Illuminate\\Foundation\\Application), Array, Array, NULL)
#29 /mnt/c/Users/aluno.lab03/Documents/atividade_03/web_02/vendor/laravel/framework/src/Illuminate/Console/Command.php(213): Illuminate\\Container\\Container->call(Array)
#30 /mnt/c/Users/aluno.lab03/Documents/atividade_03/web_02/vendor/symfony/console/Command/Command.php(279): Illuminate\\Console\\Command->execute(Object(Symfony\\Component\\Console\\Input\\ArgvInput), Object(Illuminate\\Console\\OutputStyle))
#31 /mnt/c/Users/aluno.lab03/Documents/atividade_03/web_02/vendor/laravel/framework/src/Illuminate/Console/Command.php(182): Symfony\\Component\\Console\\Command\\Command->run(Object(Symfony\\Component\\Console\\Input\\ArgvInput), Object(Illuminate\\Console\\OutputStyle))
#32 /mnt/c/Users/aluno.lab03/Documents/atividade_03/web_02/vendor/symfony/console/Application.php(1047): Illuminate\\Console\\Command->run(Object(Symfony\\Component\\Console\\Input\\ArgvInput), Object(Symfony\\Component\\Console\\Output\\ConsoleOutput))
#33 /mnt/c/Users/aluno.lab03/Documents/atividade_03/web_02/vendor/symfony/console/Application.php(316): Symfony\\Component\\Console\\Application->doRunCommand(Object(Illuminate\\Database\\Console\\Seeds\\SeedCommand), Object(Symfony\\Component\\Console\\Input\\ArgvInput), Object(Symfony\\Component\\Console\\Output\\ConsoleOutput))
#34 /mnt/c/Users/aluno.lab03/Documents/atividade_03/web_02/vendor/symfony/console/Application.php(167): Symfony\\Component\\Console\\Application->doRun(Object(Symfony\\Component\\Console\\Input\\ArgvInput), Object(Symfony\\Component\\Console\\Output\\ConsoleOutput))
#35 /mnt/c/Users/aluno.lab03/Documents/atividade_03/web_02/vendor/laravel/framework/src/Illuminate/Foundation/Console/Kernel.php(197): Symfony\\Component\\Console\\Application->run(Object(Symfony\\Component\\Console\\Input\\ArgvInput), Object(Symfony\\Component\\Console\\Output\\ConsoleOutput))
#36 /mnt/c/Users/aluno.lab03/Documents/atividade_03/web_02/vendor/laravel/framework/src/Illuminate/Foundation/Application.php(1203): Illuminate\\Foundation\\Console\\Kernel->handle(Object(Symfony\\Component\\Console\\Input\\ArgvInput), Object(Symfony\\Component\\Console\\Output\\ConsoleOutput))
#37 /mnt/c/Users/aluno.lab03/Documents/atividade_03/web_02/artisan(13): Illuminate\\Foundation\\Application->handleCommand(Object(Symfony\\Component\\Console\\Input\\ArgvInput))
#38 {main}

[previous exception] [object] (PDOException(code: 23000): SQLSTATE[23000]: Integrity constraint violation: 1062 Duplicate entry 'test@example.com' for key 'users.users_email_unique' at /mnt/c/Users/aluno.lab03/Documents/atividade_03/web_02/vendor/laravel/framework/src/Illuminate/Database/MySqlConnection.php:53)
[stacktrace]
#0 /mnt/c/Users/aluno.lab03/Documents/atividade_03/web_02/vendor/laravel/framework/src/Illuminate/Database/MySqlConnection.php(53): PDOStatement->execute()
#1 /mnt/c/Users/aluno.lab03/Documents/atividade_03/web_02/vendor/laravel/framework/src/Illuminate/Database/Connection.php(812): Illuminate\\Database\\MySqlConnection->Illuminate\\Database\\{closure}('insert into `us...', Array)
#2 /mnt/c/Users/aluno.lab03/Documents/atividade_03/web_02/vendor/laravel/framework/src/Illuminate/Database/Connection.php(779): Illuminate\\Database\\Connection->runQueryCallback('insert into `us...', Array, Object(Closure))
#3 /mnt/c/Users/aluno.lab03/Documents/atividade_03/web_02/vendor/laravel/framework/src/Illuminate/Database/MySqlConnection.php(42): Illuminate\\Database\\Connection->run('insert into `us...', Array, Object(Closure))
#4 /mnt/c/Users/aluno.lab03/Documents/atividade_03/web_02/vendor/laravel/framework/src/Illuminate/Database/Query/Processors/MySqlProcessor.php(35): Illuminate\\Database\\MySqlConnection->insert('insert into `us...', Array, 'id')
#5 /mnt/c/Users/aluno.lab03/Documents/atividade_03/web_02/vendor/laravel/framework/src/Illuminate/Database/Query/Builder.php(3798): Illuminate\\Database\\Query\\Processors\\MySqlProcessor->processInsertGetId(Object(Illuminate\\Database\\Query\\Builder), 'insert into `us...', Array, 'id')
#6 /mnt/c/Users/aluno.lab03/Documents/atividade_03/web_02/vendor/laravel/framework/src/Illuminate/Database/Eloquent/Builder.php(2038): Illuminate\\Database\\Query\\Builder->insertGetId(Array, 'id')
#7 /mnt/c/Users/aluno.lab03/Documents/atividade_03/web_02/vendor/laravel/framework/src/Illuminate/Database/Eloquent/Model.php(1358): Illuminate\\Database\\Eloquent\\Builder->__call('insertGetId', Array)
#8 /mnt/c/Users/aluno.lab03/Documents/atividade_03/web_02/vendor/laravel/framework/src/Illuminate/Database/Eloquent/Model.php(1323): Illuminate\\Database\\Eloquent\\Model->insertAndSetId(Object(Illuminate\\Database\\Eloquent\\Builder), Array)
#9 /mnt/c/Users/aluno.lab03/Documents/atividade_03/web_02/vendor/laravel/framework/src/Illuminate/Database/Eloquent/Model.php(1162): Illuminate\\Database\\Eloquent\\Model->performInsert(Object(Illuminate\\Database\\Eloquent\\Builder))
#10 /mnt/c/Users/aluno.lab03/Documents/atividade_03/web_02/vendor/laravel/framework/src/Illuminate/Database/Eloquent/Factories/Factory.php(338): Illuminate\\Database\\Eloquent\\Model->save()
#11 /mnt/c/Users/aluno.lab03/Documents/atividade_03/web_02/vendor/laravel/framework/src/Illuminate/Collections/Traits/EnumeratesValues.php(257): Illuminate\\Database\\Eloquent\\Factories\\Factory->Illuminate\\Database\\Eloquent\\Factories\\{closure}(Object(App\\Models\\User), 0)
#12 /mnt/c/Users/aluno.lab03/Documents/atividade_03/web_02/vendor/laravel/framework/src/Illuminate/Database/Eloquent/Factories/Factory.php(333): Illuminate\\Support\\Collection->each(Object(Closure))
#13 /mnt/c/Users/aluno.lab03/Documents/atividade_03/web_02/vendor/laravel/framework/src/Illuminate/Database/Eloquent/Factories/Factory.php(287): Illuminate\\Database\\Eloquent\\Factories\\Factory->store(Object(Illuminate\\Support\\Collection))
#14 /mnt/c/Users/aluno.lab03/Documents/atividade_03/web_02/vendor/laravel/framework/src/Illuminate/Database/Eloquent/Factories/Factory.php(281): Illuminate\\Database\\Eloquent\\Factories\\Factory->create(Array, NULL)
#15 /mnt/c/Users/aluno.lab03/Documents/atividade_03/web_02/database/seeders/DatabaseSeeder.php(18): Illuminate\\Database\\Eloquent\\Factories\\Factory->create(Array)
#16 /mnt/c/Users/aluno.lab03/Documents/atividade_03/web_02/vendor/laravel/framework/src/Illuminate/Container/BoundMethod.php(36): Database\\Seeders\\DatabaseSeeder->run()
#17 /mnt/c/Users/aluno.lab03/Documents/atividade_03/web_02/vendor/laravel/framework/src/Illuminate/Container/Util.php(43): Illuminate\\Container\\BoundMethod::Illuminate\\Container\\{closure}()
#18 /mnt/c/Users/aluno.lab03/Documents/atividade_03/web_02/vendor/laravel/framework/src/Illuminate/Container/BoundMethod.php(95): Illuminate\\Container\\Util::unwrapIfClosure(Object(Closure))
#19 /mnt/c/Users/aluno.lab03/Documents/atividade_03/web_02/vendor/laravel/framework/src/Illuminate/Container/BoundMethod.php(35): Illuminate\\Container\\BoundMethod::callBoundMethod(Object(Illuminate\\Foundation\\Application), Array, Object(Closure))
#20 /mnt/c/Users/aluno.lab03/Documents/atividade_03/web_02/vendor/laravel/framework/src/Illuminate/Container/Container.php(690): Illuminate\\Container\\BoundMethod::call(Object(Illuminate\\Foundation\\Application), Array, Array, NULL)
#21 /mnt/c/Users/aluno.lab03/Documents/atividade_03/web_02/vendor/laravel/framework/src/Illuminate/Database/Seeder.php(184): Illuminate\\Container\\Container->call(Array, Array)
#22 /mnt/c/Users/aluno.lab03/Documents/atividade_03/web_02/vendor/laravel/framework/src/Illuminate/Database/Seeder.php(193): Illuminate\\Database\\Seeder->Illuminate\\Database\\{closure}()
#23 /mnt/c/Users/aluno.lab03/Documents/atividade_03/web_02/vendor/laravel/framework/src/Illuminate/Database/Console/Seeds/SeedCommand.php(70): Illuminate\\Database\\Seeder->__invoke()
#24 /mnt/c/Users/aluno.lab03/Documents/atividade_03/web_02/vendor/laravel/framework/src/Illuminate/Database/Eloquent/Concerns/GuardsAttributes.php(155): Illuminate\\Database\\Console\\Seeds\\SeedCommand->Illuminate\\Database\\Console\\Seeds\\{closure}()
#25 /mnt/c/Users/aluno.lab03/Documents/atividade_03/web_02/vendor/laravel/framework/src/Illuminate/Database/Console/Seeds/SeedCommand.php(69): Illuminate\\Database\\Eloquent\\Model::unguarded(Object(Closure))
#26 /mnt/c/Users/aluno.lab03/Documents/atividade_03/web_02/vendor/laravel/framework/src/Illuminate/Container/BoundMethod.php(36): Illuminate\\Database\\Console\\Seeds\\SeedCommand->handle()
#27 /mnt/c/Users/aluno.lab03/Documents/atividade_03/web_02/vendor/laravel/framework/src/Illuminate/Container/Util.php(43): Illuminate\\Container\\BoundMethod::Illuminate\\Container\\{closure}()
#28 /mnt/c/Users/aluno.lab03/Documents/atividade_03/web_02/vendor/laravel/framework/src/Illuminate/Container/BoundMethod.php(95): Illuminate\\Container\\Util::unwrapIfClosure(Object(Closure))
#29 /mnt/c/Users/aluno.lab03/Documents/atividade_03/web_02/vendor/laravel/framework/src/Illuminate/Container/BoundMethod.php(35): Illuminate\\Container\\BoundMethod::callBoundMethod(Object(Illuminate\\Foundation\\Application), Array, Object(Closure))
#30 /mnt/c/Users/aluno.lab03/Documents/atividade_03/web_02/vendor/laravel/framework/src/Illuminate/Container/Container.php(690): Illuminate\\Container\\BoundMethod::call(Object(Illuminate\\Foundation\\Application), Array, Array, NULL)
#31 /mnt/c/Users/aluno.lab03/Documents/atividade_03/web_02/vendor/laravel/framework/src/Illuminate/Console/Command.php(213): Illuminate\\Container\\Container->call(Array)
#32 /mnt/c/Users/aluno.lab03/Documents/atividade_03/web_02/vendor/symfony/console/Command/Command.php(279): Illuminate\\Console\\Command->execute(Object(Symfony\\Component\\Console\\Input\\ArgvInput), Object(Illuminate\\Console\\OutputStyle))
#33 /mnt/c/Users/aluno.lab03/Documents/atividade_03/web_02/vendor/laravel/framework/src/Illuminate/Console/Command.php(182): Symfony\\Component\\Console\\Command\\Command->run(Object(Symfony\\Component\\Console\\Input\\ArgvInput), Object(Illuminate\\Console\\OutputStyle))
#34 /mnt/c/Users/aluno.lab03/Documents/atividade_03/web_02/vendor/symfony/console/Application.php(1047): Illuminate\\Console\\Command->run(Object(Symfony\\Component\\Console\\Input\\ArgvInput), Object(Symfony\\Component\\Console\\Output\\ConsoleOutput))
#35 /mnt/c/Users/aluno.lab03/Documents/atividade_03/web_02/vendor/symfony/console/Application.php(316): Symfony\\Component\\Console\\Application->doRunCommand(Object(Illuminate\\Database\\Console\\Seeds\\SeedCommand), Object(Symfony\\Component\\Console\\Input\\ArgvInput), Object(Symfony\\Component\\Console\\Output\\ConsoleOutput))
#36 /mnt/c/Users/aluno.lab03/Documents/atividade_03/web_02/vendor/symfony/console/Application.php(167): Symfony\\Component\\Console\\Application->doRun(Object(Symfony\\Component\\Console\\Input\\ArgvInput), Object(Symfony\\Component\\Console\\Output\\ConsoleOutput))
#37 /mnt/c/Users/aluno.lab03/Documents/atividade_03/web_02/vendor/laravel/framework/src/Illuminate/Foundation/Console/Kernel.php(197): Symfony\\Component\\Console\\Application->run(Object(Symfony\\Component\\Console\\Input\\ArgvInput), Object(Symfony\\Component\\Console\\Output\\ConsoleOutput))
#38 /mnt/c/Users/aluno.lab03/Documents/atividade_03/web_02/vendor/laravel/framework/src/Illuminate/Foundation/Application.php(1203): Illuminate\\Foundation\\Console\\Kernel->handle(Object(Symfony\\Component\\Console\\Input\\ArgvInput), Object(Symfony\\Component\\Console\\Output\\ConsoleOutput))
#39 /mnt/c/Users/aluno.lab03/Documents/atividade_03/web_02/artisan(13): Illuminate\\Foundation\\Application->handleCommand(Object(Symfony\\Component\\Console\\Input\\ArgvInput))
#40 {main}
"} 
[2024-11-06 19:59:32] local.ERROR: SQLSTATE[23000]: Integrity constraint violation: 1062 Duplicate entry 'test@example.com' for key 'users.users_email_unique' (Connection: mysql, SQL: insert into `users` (`name`, `email`, `email_verified_at`, `password`, `remember_token`, `updated_at`, `created_at`) values (Test User, test@example.com, 2024-11-06 19:59:31, $2y$12$oTqJ7WfHtZMEG5TBdcgKsO1ftR13EtISGD0uZN518myiM7yt14cUC, 0EBOQyTQLn, 2024-11-06 19:59:31, 2024-11-06 19:59:31)) {"exception":"[object] (Illuminate\\Database\\UniqueConstraintViolationException(code: 23000): SQLSTATE[23000]: Integrity constraint violation: 1062 Duplicate entry 'test@example.com' for key 'users.users_email_unique' (Connection: mysql, SQL: insert into `users` (`name`, `email`, `email_verified_at`, `password`, `remember_token`, `updated_at`, `created_at`) values (Test User, test@example.com, 2024-11-06 19:59:31, $2y$12$oTqJ7WfHtZMEG5TBdcgKsO1ftR13EtISGD0uZN518myiM7yt14cUC, 0EBOQyTQLn, 2024-11-06 19:59:31, 2024-11-06 19:59:31)) at /mnt/c/Users/aluno.lab03/Documents/atividade_03/web_02/vendor/laravel/framework/src/Illuminate/Database/Connection.php:820)
[stacktrace]
#0 /mnt/c/Users/aluno.lab03/Documents/atividade_03/web_02/vendor/laravel/framework/src/Illuminate/Database/Connection.php(779): Illuminate\\Database\\Connection->runQueryCallback('insert into `us...', Array, Object(Closure))
#1 /mnt/c/Users/aluno.lab03/Documents/atividade_03/web_02/vendor/laravel/framework/src/Illuminate/Database/MySqlConnection.php(42): Illuminate\\Database\\Connection->run('insert into `us...', Array, Object(Closure))
#2 /mnt/c/Users/aluno.lab03/Documents/atividade_03/web_02/vendor/laravel/framework/src/Illuminate/Database/Query/Processors/MySqlProcessor.php(35): Illuminate\\Database\\MySqlConnection->insert('insert into `us...', Array, 'id')
#3 /mnt/c/Users/aluno.lab03/Documents/atividade_03/web_02/vendor/laravel/framework/src/Illuminate/Database/Query/Builder.php(3798): Illuminate\\Database\\Query\\Processors\\MySqlProcessor->processInsertGetId(Object(Illuminate\\Database\\Query\\Builder), 'insert into `us...', Array, 'id')
#4 /mnt/c/Users/aluno.lab03/Documents/atividade_03/web_02/vendor/laravel/framework/src/Illuminate/Database/Eloquent/Builder.php(2038): Illuminate\\Database\\Query\\Builder->insertGetId(Array, 'id')
#5 /mnt/c/Users/aluno.lab03/Documents/atividade_03/web_02/vendor/laravel/framework/src/Illuminate/Database/Eloquent/Model.php(1358): Illuminate\\Database\\Eloquent\\Builder->__call('insertGetId', Array)
#6 /mnt/c/Users/aluno.lab03/Documents/atividade_03/web_02/vendor/laravel/framework/src/Illuminate/Database/Eloquent/Model.php(1323): Illuminate\\Database\\Eloquent\\Model->insertAndSetId(Object(Illuminate\\Database\\Eloquent\\Builder), Array)
#7 /mnt/c/Users/aluno.lab03/Documents/atividade_03/web_02/vendor/laravel/framework/src/Illuminate/Database/Eloquent/Model.php(1162): Illuminate\\Database\\Eloquent\\Model->performInsert(Object(Illuminate\\Database\\Eloquent\\Builder))
#8 /mnt/c/Users/aluno.lab03/Documents/atividade_03/web_02/vendor/laravel/framework/src/Illuminate/Database/Eloquent/Factories/Factory.php(338): Illuminate\\Database\\Eloquent\\Model->save()
#9 /mnt/c/Users/aluno.lab03/Documents/atividade_03/web_02/vendor/laravel/framework/src/Illuminate/Collections/Traits/EnumeratesValues.php(257): Illuminate\\Database\\Eloquent\\Factories\\Factory->Illuminate\\Database\\Eloquent\\Factories\\{closure}(Object(App\\Models\\User), 0)
#10 /mnt/c/Users/aluno.lab03/Documents/atividade_03/web_02/vendor/laravel/framework/src/Illuminate/Database/Eloquent/Factories/Factory.php(333): Illuminate\\Support\\Collection->each(Object(Closure))
#11 /mnt/c/Users/aluno.lab03/Documents/atividade_03/web_02/vendor/laravel/framework/src/Illuminate/Database/Eloquent/Factories/Factory.php(287): Illuminate\\Database\\Eloquent\\Factories\\Factory->store(Object(Illuminate\\Support\\Collection))
#12 /mnt/c/Users/aluno.lab03/Documents/atividade_03/web_02/vendor/laravel/framework/src/Illuminate/Database/Eloquent/Factories/Factory.php(281): Illuminate\\Database\\Eloquent\\Factories\\Factory->create(Array, NULL)
#13 /mnt/c/Users/aluno.lab03/Documents/atividade_03/web_02/database/seeders/DatabaseSeeder.php(19): Illuminate\\Database\\Eloquent\\Factories\\Factory->create(Array)
#14 /mnt/c/Users/aluno.lab03/Documents/atividade_03/web_02/vendor/laravel/framework/src/Illuminate/Container/BoundMethod.php(36): Database\\Seeders\\DatabaseSeeder->run()
#15 /mnt/c/Users/aluno.lab03/Documents/atividade_03/web_02/vendor/laravel/framework/src/Illuminate/Container/Util.php(43): Illuminate\\Container\\BoundMethod::Illuminate\\Container\\{closure}()
#16 /mnt/c/Users/aluno.lab03/Documents/atividade_03/web_02/vendor/laravel/framework/src/Illuminate/Container/BoundMethod.php(95): Illuminate\\Container\\Util::unwrapIfClosure(Object(Closure))
#17 /mnt/c/Users/aluno.lab03/Documents/atividade_03/web_02/vendor/laravel/framework/src/Illuminate/Container/BoundMethod.php(35): Illuminate\\Container\\BoundMethod::callBoundMethod(Object(Illuminate\\Foundation\\Application), Array, Object(Closure))
#18 /mnt/c/Users/aluno.lab03/Documents/atividade_03/web_02/vendor/laravel/framework/src/Illuminate/Container/Container.php(690): Illuminate\\Container\\BoundMethod::call(Object(Illuminate\\Foundation\\Application), Array, Array, NULL)
#19 /mnt/c/Users/aluno.lab03/Documents/atividade_03/web_02/vendor/laravel/framework/src/Illuminate/Database/Seeder.php(184): Illuminate\\Container\\Container->call(Array, Array)
#20 /mnt/c/Users/aluno.lab03/Documents/atividade_03/web_02/vendor/laravel/framework/src/Illuminate/Database/Seeder.php(193): Illuminate\\Database\\Seeder->Illuminate\\Database\\{closure}()
#21 /mnt/c/Users/aluno.lab03/Documents/atividade_03/web_02/vendor/laravel/framework/src/Illuminate/Database/Console/Seeds/SeedCommand.php(70): Illuminate\\Database\\Seeder->__invoke()
#22 /mnt/c/Users/aluno.lab03/Documents/atividade_03/web_02/vendor/laravel/framework/src/Illuminate/Database/Eloquent/Concerns/GuardsAttributes.php(155): Illuminate\\Database\\Console\\Seeds\\SeedCommand->Illuminate\\Database\\Console\\Seeds\\{closure}()
#23 /mnt/c/Users/aluno.lab03/Documents/atividade_03/web_02/vendor/laravel/framework/src/Illuminate/Database/Console/Seeds/SeedCommand.php(69): Illuminate\\Database\\Eloquent\\Model::unguarded(Object(Closure))
#24 /mnt/c/Users/aluno.lab03/Documents/atividade_03/web_02/vendor/laravel/framework/src/Illuminate/Container/BoundMethod.php(36): Illuminate\\Database\\Console\\Seeds\\SeedCommand->handle()
#25 /mnt/c/Users/aluno.lab03/Documents/atividade_03/web_02/vendor/laravel/framework/src/Illuminate/Container/Util.php(43): Illuminate\\Container\\BoundMethod::Illuminate\\Container\\{closure}()
#26 /mnt/c/Users/aluno.lab03/Documents/atividade_03/web_02/vendor/laravel/framework/src/Illuminate/Container/BoundMethod.php(95): Illuminate\\Container\\Util::unwrapIfClosure(Object(Closure))
#27 /mnt/c/Users/aluno.lab03/Documents/atividade_03/web_02/vendor/laravel/framework/src/Illuminate/Container/BoundMethod.php(35): Illuminate\\Container\\BoundMethod::callBoundMethod(Object(Illuminate\\Foundation\\Application), Array, Object(Closure))
#28 /mnt/c/Users/aluno.lab03/Documents/atividade_03/web_02/vendor/laravel/framework/src/Illuminate/Container/Container.php(690): Illuminate\\Container\\BoundMethod::call(Object(Illuminate\\Foundation\\Application), Array, Array, NULL)
#29 /mnt/c/Users/aluno.lab03/Documents/atividade_03/web_02/vendor/laravel/framework/src/Illuminate/Console/Command.php(213): Illuminate\\Container\\Container->call(Array)
#30 /mnt/c/Users/aluno.lab03/Documents/atividade_03/web_02/vendor/symfony/console/Command/Command.php(279): Illuminate\\Console\\Command->execute(Object(Symfony\\Component\\Console\\Input\\ArgvInput), Object(Illuminate\\Console\\OutputStyle))
#31 /mnt/c/Users/aluno.lab03/Documents/atividade_03/web_02/vendor/laravel/framework/src/Illuminate/Console/Command.php(182): Symfony\\Component\\Console\\Command\\Command->run(Object(Symfony\\Component\\Console\\Input\\ArgvInput), Object(Illuminate\\Console\\OutputStyle))
#32 /mnt/c/Users/aluno.lab03/Documents/atividade_03/web_02/vendor/symfony/console/Application.php(1047): Illuminate\\Console\\Command->run(Object(Symfony\\Component\\Console\\Input\\ArgvInput), Object(Symfony\\Component\\Console\\Output\\ConsoleOutput))
#33 /mnt/c/Users/aluno.lab03/Documents/atividade_03/web_02/vendor/symfony/console/Application.php(316): Symfony\\Component\\Console\\Application->doRunCommand(Object(Illuminate\\Database\\Console\\Seeds\\SeedCommand), Object(Symfony\\Component\\Console\\Input\\ArgvInput), Object(Symfony\\Component\\Console\\Output\\ConsoleOutput))
#34 /mnt/c/Users/aluno.lab03/Documents/atividade_03/web_02/vendor/symfony/console/Application.php(167): Symfony\\Component\\Console\\Application->doRun(Object(Symfony\\Component\\Console\\Input\\ArgvInput), Object(Symfony\\Component\\Console\\Output\\ConsoleOutput))
#35 /mnt/c/Users/aluno.lab03/Documents/atividade_03/web_02/vendor/laravel/framework/src/Illuminate/Foundation/Console/Kernel.php(197): Symfony\\Component\\Console\\Application->run(Object(Symfony\\Component\\Console\\Input\\ArgvInput), Object(Symfony\\Component\\Console\\Output\\ConsoleOutput))
#36 /mnt/c/Users/aluno.lab03/Documents/atividade_03/web_02/vendor/laravel/framework/src/Illuminate/Foundation/Application.php(1203): Illuminate\\Foundation\\Console\\Kernel->handle(Object(Symfony\\Component\\Console\\Input\\ArgvInput), Object(Symfony\\Component\\Console\\Output\\ConsoleOutput))
#37 /mnt/c/Users/aluno.lab03/Documents/atividade_03/web_02/artisan(13): Illuminate\\Foundation\\Application->handleCommand(Object(Symfony\\Component\\Console\\Input\\ArgvInput))
#38 {main}

[previous exception] [object] (PDOException(code: 23000): SQLSTATE[23000]: Integrity constraint violation: 1062 Duplicate entry 'test@example.com' for key 'users.users_email_unique' at /mnt/c/Users/aluno.lab03/Documents/atividade_03/web_02/vendor/laravel/framework/src/Illuminate/Database/MySqlConnection.php:53)
[stacktrace]
#0 /mnt/c/Users/aluno.lab03/Documents/atividade_03/web_02/vendor/laravel/framework/src/Illuminate/Database/MySqlConnection.php(53): PDOStatement->execute()
#1 /mnt/c/Users/aluno.lab03/Documents/atividade_03/web_02/vendor/laravel/framework/src/Illuminate/Database/Connection.php(812): Illuminate\\Database\\MySqlConnection->Illuminate\\Database\\{closure}('insert into `us...', Array)
#2 /mnt/c/Users/aluno.lab03/Documents/atividade_03/web_02/vendor/laravel/framework/src/Illuminate/Database/Connection.php(779): Illuminate\\Database\\Connection->runQueryCallback('insert into `us...', Array, Object(Closure))
#3 /mnt/c/Users/aluno.lab03/Documents/atividade_03/web_02/vendor/laravel/framework/src/Illuminate/Database/MySqlConnection.php(42): Illuminate\\Database\\Connection->run('insert into `us...', Array, Object(Closure))
#4 /mnt/c/Users/aluno.lab03/Documents/atividade_03/web_02/vendor/laravel/framework/src/Illuminate/Database/Query/Processors/MySqlProcessor.php(35): Illuminate\\Database\\MySqlConnection->insert('insert into `us...', Array, 'id')
#5 /mnt/c/Users/aluno.lab03/Documents/atividade_03/web_02/vendor/laravel/framework/src/Illuminate/Database/Query/Builder.php(3798): Illuminate\\Database\\Query\\Processors\\MySqlProcessor->processInsertGetId(Object(Illuminate\\Database\\Query\\Builder), 'insert into `us...', Array, 'id')
#6 /mnt/c/Users/aluno.lab03/Documents/atividade_03/web_02/vendor/laravel/framework/src/Illuminate/Database/Eloquent/Builder.php(2038): Illuminate\\Database\\Query\\Builder->insertGetId(Array, 'id')
#7 /mnt/c/Users/aluno.lab03/Documents/atividade_03/web_02/vendor/laravel/framework/src/Illuminate/Database/Eloquent/Model.php(1358): Illuminate\\Database\\Eloquent\\Builder->__call('insertGetId', Array)
#8 /mnt/c/Users/aluno.lab03/Documents/atividade_03/web_02/vendor/laravel/framework/src/Illuminate/Database/Eloquent/Model.php(1323): Illuminate\\Database\\Eloquent\\Model->insertAndSetId(Object(Illuminate\\Database\\Eloquent\\Builder), Array)
#9 /mnt/c/Users/aluno.lab03/Documents/atividade_03/web_02/vendor/laravel/framework/src/Illuminate/Database/Eloquent/Model.php(1162): Illuminate\\Database\\Eloquent\\Model->performInsert(Object(Illuminate\\Database\\Eloquent\\Builder))
#10 /mnt/c/Users/aluno.lab03/Documents/atividade_03/web_02/vendor/laravel/framework/src/Illuminate/Database/Eloquent/Factories/Factory.php(338): Illuminate\\Database\\Eloquent\\Model->save()
#11 /mnt/c/Users/aluno.lab03/Documents/atividade_03/web_02/vendor/laravel/framework/src/Illuminate/Collections/Traits/EnumeratesValues.php(257): Illuminate\\Database\\Eloquent\\Factories\\Factory->Illuminate\\Database\\Eloquent\\Factories\\{closure}(Object(App\\Models\\User), 0)
#12 /mnt/c/Users/aluno.lab03/Documents/atividade_03/web_02/vendor/laravel/framework/src/Illuminate/Database/Eloquent/Factories/Factory.php(333): Illuminate\\Support\\Collection->each(Object(Closure))
#13 /mnt/c/Users/aluno.lab03/Documents/atividade_03/web_02/vendor/laravel/framework/src/Illuminate/Database/Eloquent/Factories/Factory.php(287): Illuminate\\Database\\Eloquent\\Factories\\Factory->store(Object(Illuminate\\Support\\Collection))
#14 /mnt/c/Users/aluno.lab03/Documents/atividade_03/web_02/vendor/laravel/framework/src/Illuminate/Database/Eloquent/Factories/Factory.php(281): Illuminate\\Database\\Eloquent\\Factories\\Factory->create(Array, NULL)
#15 /mnt/c/Users/aluno.lab03/Documents/atividade_03/web_02/database/seeders/DatabaseSeeder.php(19): Illuminate\\Database\\Eloquent\\Factories\\Factory->create(Array)
#16 /mnt/c/Users/aluno.lab03/Documents/atividade_03/web_02/vendor/laravel/framework/src/Illuminate/Container/BoundMethod.php(36): Database\\Seeders\\DatabaseSeeder->run()
#17 /mnt/c/Users/aluno.lab03/Documents/atividade_03/web_02/vendor/laravel/framework/src/Illuminate/Container/Util.php(43): Illuminate\\Container\\BoundMethod::Illuminate\\Container\\{closure}()
#18 /mnt/c/Users/aluno.lab03/Documents/atividade_03/web_02/vendor/laravel/framework/src/Illuminate/Container/BoundMethod.php(95): Illuminate\\Container\\Util::unwrapIfClosure(Object(Closure))
#19 /mnt/c/Users/aluno.lab03/Documents/atividade_03/web_02/vendor/laravel/framework/src/Illuminate/Container/BoundMethod.php(35): Illuminate\\Container\\BoundMethod::callBoundMethod(Object(Illuminate\\Foundation\\Application), Array, Object(Closure))
#20 /mnt/c/Users/aluno.lab03/Documents/atividade_03/web_02/vendor/laravel/framework/src/Illuminate/Container/Container.php(690): Illuminate\\Container\\BoundMethod::call(Object(Illuminate\\Foundation\\Application), Array, Array, NULL)
#21 /mnt/c/Users/aluno.lab03/Documents/atividade_03/web_02/vendor/laravel/framework/src/Illuminate/Database/Seeder.php(184): Illuminate\\Container\\Container->call(Array, Array)
#22 /mnt/c/Users/aluno.lab03/Documents/atividade_03/web_02/vendor/laravel/framework/src/Illuminate/Database/Seeder.php(193): Illuminate\\Database\\Seeder->Illuminate\\Database\\{closure}()
#23 /mnt/c/Users/aluno.lab03/Documents/atividade_03/web_02/vendor/laravel/framework/src/Illuminate/Database/Console/Seeds/SeedCommand.php(70): Illuminate\\Database\\Seeder->__invoke()
#24 /mnt/c/Users/aluno.lab03/Documents/atividade_03/web_02/vendor/laravel/framework/src/Illuminate/Database/Eloquent/Concerns/GuardsAttributes.php(155): Illuminate\\Database\\Console\\Seeds\\SeedCommand->Illuminate\\Database\\Console\\Seeds\\{closure}()
#25 /mnt/c/Users/aluno.lab03/Documents/atividade_03/web_02/vendor/laravel/framework/src/Illuminate/Database/Console/Seeds/SeedCommand.php(69): Illuminate\\Database\\Eloquent\\Model::unguarded(Object(Closure))
#26 /mnt/c/Users/aluno.lab03/Documents/atividade_03/web_02/vendor/laravel/framework/src/Illuminate/Container/BoundMethod.php(36): Illuminate\\Database\\Console\\Seeds\\SeedCommand->handle()
#27 /mnt/c/Users/aluno.lab03/Documents/atividade_03/web_02/vendor/laravel/framework/src/Illuminate/Container/Util.php(43): Illuminate\\Container\\BoundMethod::Illuminate\\Container\\{closure}()
#28 /mnt/c/Users/aluno.lab03/Documents/atividade_03/web_02/vendor/laravel/framework/src/Illuminate/Container/BoundMethod.php(95): Illuminate\\Container\\Util::unwrapIfClosure(Object(Closure))
#29 /mnt/c/Users/aluno.lab03/Documents/atividade_03/web_02/vendor/laravel/framework/src/Illuminate/Container/BoundMethod.php(35): Illuminate\\Container\\BoundMethod::callBoundMethod(Object(Illuminate\\Foundation\\Application), Array, Object(Closure))
#30 /mnt/c/Users/aluno.lab03/Documents/atividade_03/web_02/vendor/laravel/framework/src/Illuminate/Container/Container.php(690): Illuminate\\Container\\BoundMethod::call(Object(Illuminate\\Foundation\\Application), Array, Array, NULL)
#31 /mnt/c/Users/aluno.lab03/Documents/atividade_03/web_02/vendor/laravel/framework/src/Illuminate/Console/Command.php(213): Illuminate\\Container\\Container->call(Array)
#32 /mnt/c/Users/aluno.lab03/Documents/atividade_03/web_02/vendor/symfony/console/Command/Command.php(279): Illuminate\\Console\\Command->execute(Object(Symfony\\Component\\Console\\Input\\ArgvInput), Object(Illuminate\\Console\\OutputStyle))
#33 /mnt/c/Users/aluno.lab03/Documents/atividade_03/web_02/vendor/laravel/framework/src/Illuminate/Console/Command.php(182): Symfony\\Component\\Console\\Command\\Command->run(Object(Symfony\\Component\\Console\\Input\\ArgvInput), Object(Illuminate\\Console\\OutputStyle))
#34 /mnt/c/Users/aluno.lab03/Documents/atividade_03/web_02/vendor/symfony/console/Application.php(1047): Illuminate\\Console\\Command->run(Object(Symfony\\Component\\Console\\Input\\ArgvInput), Object(Symfony\\Component\\Console\\Output\\ConsoleOutput))
#35 /mnt/c/Users/aluno.lab03/Documents/atividade_03/web_02/vendor/symfony/console/Application.php(316): Symfony\\Component\\Console\\Application->doRunCommand(Object(Illuminate\\Database\\Console\\Seeds\\SeedCommand), Object(Symfony\\Component\\Console\\Input\\ArgvInput), Object(Symfony\\Component\\Console\\Output\\ConsoleOutput))
#36 /mnt/c/Users/aluno.lab03/Documents/atividade_03/web_02/vendor/symfony/console/Application.php(167): Symfony\\Component\\Console\\Application->doRun(Object(Symfony\\Component\\Console\\Input\\ArgvInput), Object(Symfony\\Component\\Console\\Output\\ConsoleOutput))
#37 /mnt/c/Users/aluno.lab03/Documents/atividade_03/web_02/vendor/laravel/framework/src/Illuminate/Foundation/Console/Kernel.php(197): Symfony\\Component\\Console\\Application->run(Object(Symfony\\Component\\Console\\Input\\ArgvInput), Object(Symfony\\Component\\Console\\Output\\ConsoleOutput))
#38 /mnt/c/Users/aluno.lab03/Documents/atividade_03/web_02/vendor/laravel/framework/src/Illuminate/Foundation/Application.php(1203): Illuminate\\Foundation\\Console\\Kernel->handle(Object(Symfony\\Component\\Console\\Input\\ArgvInput), Object(Symfony\\Component\\Console\\Output\\ConsoleOutput))
#39 /mnt/c/Users/aluno.lab03/Documents/atividade_03/web_02/artisan(13): Illuminate\\Foundation\\Application->handleCommand(Object(Symfony\\Component\\Console\\Input\\ArgvInput))
#40 {main}
"} 
[2024-11-06 20:01:16] local.ERROR: SQLSTATE[23000]: Integrity constraint violation: 1062 Duplicate entry 'test@example.com' for key 'users.users_email_unique' (Connection: mysql, SQL: insert into `users` (`name`, `email`, `email_verified_at`, `password`, `remember_token`, `updated_at`, `created_at`) values (Test User, test@example.com, 2024-11-06 20:01:15, $2y$12$r5iJjVmIE69UCRJfocnkBeQB/ctBccOc2NO8ivwWXe9wu8NCDntaG, nTiKOuwm17, 2024-11-06 20:01:16, 2024-11-06 20:01:16)) {"exception":"[object] (Illuminate\\Database\\UniqueConstraintViolationException(code: 23000): SQLSTATE[23000]: Integrity constraint violation: 1062 Duplicate entry 'test@example.com' for key 'users.users_email_unique' (Connection: mysql, SQL: insert into `users` (`name`, `email`, `email_verified_at`, `password`, `remember_token`, `updated_at`, `created_at`) values (Test User, test@example.com, 2024-11-06 20:01:15, $2y$12$r5iJjVmIE69UCRJfocnkBeQB/ctBccOc2NO8ivwWXe9wu8NCDntaG, nTiKOuwm17, 2024-11-06 20:01:16, 2024-11-06 20:01:16)) at /mnt/c/Users/aluno.lab03/Documents/atividade_03/web_02/vendor/laravel/framework/src/Illuminate/Database/Connection.php:820)
[stacktrace]
#0 /mnt/c/Users/aluno.lab03/Documents/atividade_03/web_02/vendor/laravel/framework/src/Illuminate/Database/Connection.php(779): Illuminate\\Database\\Connection->runQueryCallback('insert into `us...', Array, Object(Closure))
#1 /mnt/c/Users/aluno.lab03/Documents/atividade_03/web_02/vendor/laravel/framework/src/Illuminate/Database/MySqlConnection.php(42): Illuminate\\Database\\Connection->run('insert into `us...', Array, Object(Closure))
#2 /mnt/c/Users/aluno.lab03/Documents/atividade_03/web_02/vendor/laravel/framework/src/Illuminate/Database/Query/Processors/MySqlProcessor.php(35): Illuminate\\Database\\MySqlConnection->insert('insert into `us...', Array, 'id')
#3 /mnt/c/Users/aluno.lab03/Documents/atividade_03/web_02/vendor/laravel/framework/src/Illuminate/Database/Query/Builder.php(3798): Illuminate\\Database\\Query\\Processors\\MySqlProcessor->processInsertGetId(Object(Illuminate\\Database\\Query\\Builder), 'insert into `us...', Array, 'id')
#4 /mnt/c/Users/aluno.lab03/Documents/atividade_03/web_02/vendor/laravel/framework/src/Illuminate/Database/Eloquent/Builder.php(2038): Illuminate\\Database\\Query\\Builder->insertGetId(Array, 'id')
#5 /mnt/c/Users/aluno.lab03/Documents/atividade_03/web_02/vendor/laravel/framework/src/Illuminate/Database/Eloquent/Model.php(1358): Illuminate\\Database\\Eloquent\\Builder->__call('insertGetId', Array)
#6 /mnt/c/Users/aluno.lab03/Documents/atividade_03/web_02/vendor/laravel/framework/src/Illuminate/Database/Eloquent/Model.php(1323): Illuminate\\Database\\Eloquent\\Model->insertAndSetId(Object(Illuminate\\Database\\Eloquent\\Builder), Array)
#7 /mnt/c/Users/aluno.lab03/Documents/atividade_03/web_02/vendor/laravel/framework/src/Illuminate/Database/Eloquent/Model.php(1162): Illuminate\\Database\\Eloquent\\Model->performInsert(Object(Illuminate\\Database\\Eloquent\\Builder))
#8 /mnt/c/Users/aluno.lab03/Documents/atividade_03/web_02/vendor/laravel/framework/src/Illuminate/Database/Eloquent/Factories/Factory.php(338): Illuminate\\Database\\Eloquent\\Model->save()
#9 /mnt/c/Users/aluno.lab03/Documents/atividade_03/web_02/vendor/laravel/framework/src/Illuminate/Collections/Traits/EnumeratesValues.php(257): Illuminate\\Database\\Eloquent\\Factories\\Factory->Illuminate\\Database\\Eloquent\\Factories\\{closure}(Object(App\\Models\\User), 0)
#10 /mnt/c/Users/aluno.lab03/Documents/atividade_03/web_02/vendor/laravel/framework/src/Illuminate/Database/Eloquent/Factories/Factory.php(333): Illuminate\\Support\\Collection->each(Object(Closure))
#11 /mnt/c/Users/aluno.lab03/Documents/atividade_03/web_02/vendor/laravel/framework/src/Illuminate/Database/Eloquent/Factories/Factory.php(287): Illuminate\\Database\\Eloquent\\Factories\\Factory->store(Object(Illuminate\\Support\\Collection))
#12 /mnt/c/Users/aluno.lab03/Documents/atividade_03/web_02/vendor/laravel/framework/src/Illuminate/Database/Eloquent/Factories/Factory.php(281): Illuminate\\Database\\Eloquent\\Factories\\Factory->create(Array, NULL)
#13 /mnt/c/Users/aluno.lab03/Documents/atividade_03/web_02/database/seeders/DatabaseSeeder.php(19): Illuminate\\Database\\Eloquent\\Factories\\Factory->create(Array)
#14 /mnt/c/Users/aluno.lab03/Documents/atividade_03/web_02/vendor/laravel/framework/src/Illuminate/Container/BoundMethod.php(36): Database\\Seeders\\DatabaseSeeder->run()
#15 /mnt/c/Users/aluno.lab03/Documents/atividade_03/web_02/vendor/laravel/framework/src/Illuminate/Container/Util.php(43): Illuminate\\Container\\BoundMethod::Illuminate\\Container\\{closure}()
#16 /mnt/c/Users/aluno.lab03/Documents/atividade_03/web_02/vendor/laravel/framework/src/Illuminate/Container/BoundMethod.php(95): Illuminate\\Container\\Util::unwrapIfClosure(Object(Closure))
#17 /mnt/c/Users/aluno.lab03/Documents/atividade_03/web_02/vendor/laravel/framework/src/Illuminate/Container/BoundMethod.php(35): Illuminate\\Container\\BoundMethod::callBoundMethod(Object(Illuminate\\Foundation\\Application), Array, Object(Closure))
#18 /mnt/c/Users/aluno.lab03/Documents/atividade_03/web_02/vendor/laravel/framework/src/Illuminate/Container/Container.php(690): Illuminate\\Container\\BoundMethod::call(Object(Illuminate\\Foundation\\Application), Array, Array, NULL)
#19 /mnt/c/Users/aluno.lab03/Documents/atividade_03/web_02/vendor/laravel/framework/src/Illuminate/Database/Seeder.php(184): Illuminate\\Container\\Container->call(Array, Array)
#20 /mnt/c/Users/aluno.lab03/Documents/atividade_03/web_02/vendor/laravel/framework/src/Illuminate/Database/Seeder.php(193): Illuminate\\Database\\Seeder->Illuminate\\Database\\{closure}()
#21 /mnt/c/Users/aluno.lab03/Documents/atividade_03/web_02/vendor/laravel/framework/src/Illuminate/Database/Console/Seeds/SeedCommand.php(70): Illuminate\\Database\\Seeder->__invoke()
#22 /mnt/c/Users/aluno.lab03/Documents/atividade_03/web_02/vendor/laravel/framework/src/Illuminate/Database/Eloquent/Concerns/GuardsAttributes.php(155): Illuminate\\Database\\Console\\Seeds\\SeedCommand->Illuminate\\Database\\Console\\Seeds\\{closure}()
#23 /mnt/c/Users/aluno.lab03/Documents/atividade_03/web_02/vendor/laravel/framework/src/Illuminate/Database/Console/Seeds/SeedCommand.php(69): Illuminate\\Database\\Eloquent\\Model::unguarded(Object(Closure))
#24 /mnt/c/Users/aluno.lab03/Documents/atividade_03/web_02/vendor/laravel/framework/src/Illuminate/Container/BoundMethod.php(36): Illuminate\\Database\\Console\\Seeds\\SeedCommand->handle()
#25 /mnt/c/Users/aluno.lab03/Documents/atividade_03/web_02/vendor/laravel/framework/src/Illuminate/Container/Util.php(43): Illuminate\\Container\\BoundMethod::Illuminate\\Container\\{closure}()
#26 /mnt/c/Users/aluno.lab03/Documents/atividade_03/web_02/vendor/laravel/framework/src/Illuminate/Container/BoundMethod.php(95): Illuminate\\Container\\Util::unwrapIfClosure(Object(Closure))
#27 /mnt/c/Users/aluno.lab03/Documents/atividade_03/web_02/vendor/laravel/framework/src/Illuminate/Container/BoundMethod.php(35): Illuminate\\Container\\BoundMethod::callBoundMethod(Object(Illuminate\\Foundation\\Application), Array, Object(Closure))
#28 /mnt/c/Users/aluno.lab03/Documents/atividade_03/web_02/vendor/laravel/framework/src/Illuminate/Container/Container.php(690): Illuminate\\Container\\BoundMethod::call(Object(Illuminate\\Foundation\\Application), Array, Array, NULL)
#29 /mnt/c/Users/aluno.lab03/Documents/atividade_03/web_02/vendor/laravel/framework/src/Illuminate/Console/Command.php(213): Illuminate\\Container\\Container->call(Array)
#30 /mnt/c/Users/aluno.lab03/Documents/atividade_03/web_02/vendor/symfony/console/Command/Command.php(279): Illuminate\\Console\\Command->execute(Object(Symfony\\Component\\Console\\Input\\ArgvInput), Object(Illuminate\\Console\\OutputStyle))
#31 /mnt/c/Users/aluno.lab03/Documents/atividade_03/web_02/vendor/laravel/framework/src/Illuminate/Console/Command.php(182): Symfony\\Component\\Console\\Command\\Command->run(Object(Symfony\\Component\\Console\\Input\\ArgvInput), Object(Illuminate\\Console\\OutputStyle))
#32 /mnt/c/Users/aluno.lab03/Documents/atividade_03/web_02/vendor/symfony/console/Application.php(1047): Illuminate\\Console\\Command->run(Object(Symfony\\Component\\Console\\Input\\ArgvInput), Object(Symfony\\Component\\Console\\Output\\ConsoleOutput))
#33 /mnt/c/Users/aluno.lab03/Documents/atividade_03/web_02/vendor/symfony/console/Application.php(316): Symfony\\Component\\Console\\Application->doRunCommand(Object(Illuminate\\Database\\Console\\Seeds\\SeedCommand), Object(Symfony\\Component\\Console\\Input\\ArgvInput), Object(Symfony\\Component\\Console\\Output\\ConsoleOutput))
#34 /mnt/c/Users/aluno.lab03/Documents/atividade_03/web_02/vendor/symfony/console/Application.php(167): Symfony\\Component\\Console\\Application->doRun(Object(Symfony\\Component\\Console\\Input\\ArgvInput), Object(Symfony\\Component\\Console\\Output\\ConsoleOutput))
#35 /mnt/c/Users/aluno.lab03/Documents/atividade_03/web_02/vendor/laravel/framework/src/Illuminate/Foundation/Console/Kernel.php(197): Symfony\\Component\\Console\\Application->run(Object(Symfony\\Component\\Console\\Input\\ArgvInput), Object(Symfony\\Component\\Console\\Output\\ConsoleOutput))
#36 /mnt/c/Users/aluno.lab03/Documents/atividade_03/web_02/vendor/laravel/framework/src/Illuminate/Foundation/Application.php(1203): Illuminate\\Foundation\\Console\\Kernel->handle(Object(Symfony\\Component\\Console\\Input\\ArgvInput), Object(Symfony\\Component\\Console\\Output\\ConsoleOutput))
#37 /mnt/c/Users/aluno.lab03/Documents/atividade_03/web_02/artisan(13): Illuminate\\Foundation\\Application->handleCommand(Object(Symfony\\Component\\Console\\Input\\ArgvInput))
#38 {main}

[previous exception] [object] (PDOException(code: 23000): SQLSTATE[23000]: Integrity constraint violation: 1062 Duplicate entry 'test@example.com' for key 'users.users_email_unique' at /mnt/c/Users/aluno.lab03/Documents/atividade_03/web_02/vendor/laravel/framework/src/Illuminate/Database/MySqlConnection.php:53)
[stacktrace]
#0 /mnt/c/Users/aluno.lab03/Documents/atividade_03/web_02/vendor/laravel/framework/src/Illuminate/Database/MySqlConnection.php(53): PDOStatement->execute()
#1 /mnt/c/Users/aluno.lab03/Documents/atividade_03/web_02/vendor/laravel/framework/src/Illuminate/Database/Connection.php(812): Illuminate\\Database\\MySqlConnection->Illuminate\\Database\\{closure}('insert into `us...', Array)
#2 /mnt/c/Users/aluno.lab03/Documents/atividade_03/web_02/vendor/laravel/framework/src/Illuminate/Database/Connection.php(779): Illuminate\\Database\\Connection->runQueryCallback('insert into `us...', Array, Object(Closure))
#3 /mnt/c/Users/aluno.lab03/Documents/atividade_03/web_02/vendor/laravel/framework/src/Illuminate/Database/MySqlConnection.php(42): Illuminate\\Database\\Connection->run('insert into `us...', Array, Object(Closure))
#4 /mnt/c/Users/aluno.lab03/Documents/atividade_03/web_02/vendor/laravel/framework/src/Illuminate/Database/Query/Processors/MySqlProcessor.php(35): Illuminate\\Database\\MySqlConnection->insert('insert into `us...', Array, 'id')
#5 /mnt/c/Users/aluno.lab03/Documents/atividade_03/web_02/vendor/laravel/framework/src/Illuminate/Database/Query/Builder.php(3798): Illuminate\\Database\\Query\\Processors\\MySqlProcessor->processInsertGetId(Object(Illuminate\\Database\\Query\\Builder), 'insert into `us...', Array, 'id')
#6 /mnt/c/Users/aluno.lab03/Documents/atividade_03/web_02/vendor/laravel/framework/src/Illuminate/Database/Eloquent/Builder.php(2038): Illuminate\\Database\\Query\\Builder->insertGetId(Array, 'id')
#7 /mnt/c/Users/aluno.lab03/Documents/atividade_03/web_02/vendor/laravel/framework/src/Illuminate/Database/Eloquent/Model.php(1358): Illuminate\\Database\\Eloquent\\Builder->__call('insertGetId', Array)
#8 /mnt/c/Users/aluno.lab03/Documents/atividade_03/web_02/vendor/laravel/framework/src/Illuminate/Database/Eloquent/Model.php(1323): Illuminate\\Database\\Eloquent\\Model->insertAndSetId(Object(Illuminate\\Database\\Eloquent\\Builder), Array)
#9 /mnt/c/Users/aluno.lab03/Documents/atividade_03/web_02/vendor/laravel/framework/src/Illuminate/Database/Eloquent/Model.php(1162): Illuminate\\Database\\Eloquent\\Model->performInsert(Object(Illuminate\\Database\\Eloquent\\Builder))
#10 /mnt/c/Users/aluno.lab03/Documents/atividade_03/web_02/vendor/laravel/framework/src/Illuminate/Database/Eloquent/Factories/Factory.php(338): Illuminate\\Database\\Eloquent\\Model->save()
#11 /mnt/c/Users/aluno.lab03/Documents/atividade_03/web_02/vendor/laravel/framework/src/Illuminate/Collections/Traits/EnumeratesValues.php(257): Illuminate\\Database\\Eloquent\\Factories\\Factory->Illuminate\\Database\\Eloquent\\Factories\\{closure}(Object(App\\Models\\User), 0)
#12 /mnt/c/Users/aluno.lab03/Documents/atividade_03/web_02/vendor/laravel/framework/src/Illuminate/Database/Eloquent/Factories/Factory.php(333): Illuminate\\Support\\Collection->each(Object(Closure))
#13 /mnt/c/Users/aluno.lab03/Documents/atividade_03/web_02/vendor/laravel/framework/src/Illuminate/Database/Eloquent/Factories/Factory.php(287): Illuminate\\Database\\Eloquent\\Factories\\Factory->store(Object(Illuminate\\Support\\Collection))
#14 /mnt/c/Users/aluno.lab03/Documents/atividade_03/web_02/vendor/laravel/framework/src/Illuminate/Database/Eloquent/Factories/Factory.php(281): Illuminate\\Database\\Eloquent\\Factories\\Factory->create(Array, NULL)
#15 /mnt/c/Users/aluno.lab03/Documents/atividade_03/web_02/database/seeders/DatabaseSeeder.php(19): Illuminate\\Database\\Eloquent\\Factories\\Factory->create(Array)
#16 /mnt/c/Users/aluno.lab03/Documents/atividade_03/web_02/vendor/laravel/framework/src/Illuminate/Container/BoundMethod.php(36): Database\\Seeders\\DatabaseSeeder->run()
#17 /mnt/c/Users/aluno.lab03/Documents/atividade_03/web_02/vendor/laravel/framework/src/Illuminate/Container/Util.php(43): Illuminate\\Container\\BoundMethod::Illuminate\\Container\\{closure}()
#18 /mnt/c/Users/aluno.lab03/Documents/atividade_03/web_02/vendor/laravel/framework/src/Illuminate/Container/BoundMethod.php(95): Illuminate\\Container\\Util::unwrapIfClosure(Object(Closure))
#19 /mnt/c/Users/aluno.lab03/Documents/atividade_03/web_02/vendor/laravel/framework/src/Illuminate/Container/BoundMethod.php(35): Illuminate\\Container\\BoundMethod::callBoundMethod(Object(Illuminate\\Foundation\\Application), Array, Object(Closure))
#20 /mnt/c/Users/aluno.lab03/Documents/atividade_03/web_02/vendor/laravel/framework/src/Illuminate/Container/Container.php(690): Illuminate\\Container\\BoundMethod::call(Object(Illuminate\\Foundation\\Application), Array, Array, NULL)
#21 /mnt/c/Users/aluno.lab03/Documents/atividade_03/web_02/vendor/laravel/framework/src/Illuminate/Database/Seeder.php(184): Illuminate\\Container\\Container->call(Array, Array)
#22 /mnt/c/Users/aluno.lab03/Documents/atividade_03/web_02/vendor/laravel/framework/src/Illuminate/Database/Seeder.php(193): Illuminate\\Database\\Seeder->Illuminate\\Database\\{closure}()
#23 /mnt/c/Users/aluno.lab03/Documents/atividade_03/web_02/vendor/laravel/framework/src/Illuminate/Database/Console/Seeds/SeedCommand.php(70): Illuminate\\Database\\Seeder->__invoke()
#24 /mnt/c/Users/aluno.lab03/Documents/atividade_03/web_02/vendor/laravel/framework/src/Illuminate/Database/Eloquent/Concerns/GuardsAttributes.php(155): Illuminate\\Database\\Console\\Seeds\\SeedCommand->Illuminate\\Database\\Console\\Seeds\\{closure}()
#25 /mnt/c/Users/aluno.lab03/Documents/atividade_03/web_02/vendor/laravel/framework/src/Illuminate/Database/Console/Seeds/SeedCommand.php(69): Illuminate\\Database\\Eloquent\\Model::unguarded(Object(Closure))
#26 /mnt/c/Users/aluno.lab03/Documents/atividade_03/web_02/vendor/laravel/framework/src/Illuminate/Container/BoundMethod.php(36): Illuminate\\Database\\Console\\Seeds\\SeedCommand->handle()
#27 /mnt/c/Users/aluno.lab03/Documents/atividade_03/web_02/vendor/laravel/framework/src/Illuminate/Container/Util.php(43): Illuminate\\Container\\BoundMethod::Illuminate\\Container\\{closure}()
#28 /mnt/c/Users/aluno.lab03/Documents/atividade_03/web_02/vendor/laravel/framework/src/Illuminate/Container/BoundMethod.php(95): Illuminate\\Container\\Util::unwrapIfClosure(Object(Closure))
#29 /mnt/c/Users/aluno.lab03/Documents/atividade_03/web_02/vendor/laravel/framework/src/Illuminate/Container/BoundMethod.php(35): Illuminate\\Container\\BoundMethod::callBoundMethod(Object(Illuminate\\Foundation\\Application), Array, Object(Closure))
#30 /mnt/c/Users/aluno.lab03/Documents/atividade_03/web_02/vendor/laravel/framework/src/Illuminate/Container/Container.php(690): Illuminate\\Container\\BoundMethod::call(Object(Illuminate\\Foundation\\Application), Array, Array, NULL)
#31 /mnt/c/Users/aluno.lab03/Documents/atividade_03/web_02/vendor/laravel/framework/src/Illuminate/Console/Command.php(213): Illuminate\\Container\\Container->call(Array)
#32 /mnt/c/Users/aluno.lab03/Documents/atividade_03/web_02/vendor/symfony/console/Command/Command.php(279): Illuminate\\Console\\Command->execute(Object(Symfony\\Component\\Console\\Input\\ArgvInput), Object(Illuminate\\Console\\OutputStyle))
#33 /mnt/c/Users/aluno.lab03/Documents/atividade_03/web_02/vendor/laravel/framework/src/Illuminate/Console/Command.php(182): Symfony\\Component\\Console\\Command\\Command->run(Object(Symfony\\Component\\Console\\Input\\ArgvInput), Object(Illuminate\\Console\\OutputStyle))
#34 /mnt/c/Users/aluno.lab03/Documents/atividade_03/web_02/vendor/symfony/console/Application.php(1047): Illuminate\\Console\\Command->run(Object(Symfony\\Component\\Console\\Input\\ArgvInput), Object(Symfony\\Component\\Console\\Output\\ConsoleOutput))
#35 /mnt/c/Users/aluno.lab03/Documents/atividade_03/web_02/vendor/symfony/console/Application.php(316): Symfony\\Component\\Console\\Application->doRunCommand(Object(Illuminate\\Database\\Console\\Seeds\\SeedCommand), Object(Symfony\\Component\\Console\\Input\\ArgvInput), Object(Symfony\\Component\\Console\\Output\\ConsoleOutput))
#36 /mnt/c/Users/aluno.lab03/Documents/atividade_03/web_02/vendor/symfony/console/Application.php(167): Symfony\\Component\\Console\\Application->doRun(Object(Symfony\\Component\\Console\\Input\\ArgvInput), Object(Symfony\\Component\\Console\\Output\\ConsoleOutput))
#37 /mnt/c/Users/aluno.lab03/Documents/atividade_03/web_02/vendor/laravel/framework/src/Illuminate/Foundation/Console/Kernel.php(197): Symfony\\Component\\Console\\Application->run(Object(Symfony\\Component\\Console\\Input\\ArgvInput), Object(Symfony\\Component\\Console\\Output\\ConsoleOutput))
#38 /mnt/c/Users/aluno.lab03/Documents/atividade_03/web_02/vendor/laravel/framework/src/Illuminate/Foundation/Application.php(1203): Illuminate\\Foundation\\Console\\Kernel->handle(Object(Symfony\\Component\\Console\\Input\\ArgvInput), Object(Symfony\\Component\\Console\\Output\\ConsoleOutput))
#39 /mnt/c/Users/aluno.lab03/Documents/atividade_03/web_02/artisan(13): Illuminate\\Foundation\\Application->handleCommand(Object(Symfony\\Component\\Console\\Input\\ArgvInput))
#40 {main}
"} 
[2024-11-06 20:30:01] local.ERROR: Class "Database\Seeders\FakerFactory" not found {"exception":"[object] (Error(code: 0): Class \"Database\\Seeders\\FakerFactory\" not found at /mnt/c/Users/aluno.lab03/Documents/atividade_03/web_02/database/seeders/DatabaseSeeder.php:16)
[stacktrace]
#0 /mnt/c/Users/aluno.lab03/Documents/atividade_03/web_02/vendor/laravel/framework/src/Illuminate/Container/BoundMethod.php(36): Database\\Seeders\\DatabaseSeeder->run()
#1 /mnt/c/Users/aluno.lab03/Documents/atividade_03/web_02/vendor/laravel/framework/src/Illuminate/Container/Util.php(43): Illuminate\\Container\\BoundMethod::Illuminate\\Container\\{closure}()
#2 /mnt/c/Users/aluno.lab03/Documents/atividade_03/web_02/vendor/laravel/framework/src/Illuminate/Container/BoundMethod.php(95): Illuminate\\Container\\Util::unwrapIfClosure(Object(Closure))
#3 /mnt/c/Users/aluno.lab03/Documents/atividade_03/web_02/vendor/laravel/framework/src/Illuminate/Container/BoundMethod.php(35): Illuminate\\Container\\BoundMethod::callBoundMethod(Object(Illuminate\\Foundation\\Application), Array, Object(Closure))
#4 /mnt/c/Users/aluno.lab03/Documents/atividade_03/web_02/vendor/laravel/framework/src/Illuminate/Container/Container.php(690): Illuminate\\Container\\BoundMethod::call(Object(Illuminate\\Foundation\\Application), Array, Array, NULL)
#5 /mnt/c/Users/aluno.lab03/Documents/atividade_03/web_02/vendor/laravel/framework/src/Illuminate/Database/Seeder.php(184): Illuminate\\Container\\Container->call(Array, Array)
#6 /mnt/c/Users/aluno.lab03/Documents/atividade_03/web_02/vendor/laravel/framework/src/Illuminate/Database/Seeder.php(193): Illuminate\\Database\\Seeder->Illuminate\\Database\\{closure}()
#7 /mnt/c/Users/aluno.lab03/Documents/atividade_03/web_02/vendor/laravel/framework/src/Illuminate/Database/Console/Seeds/SeedCommand.php(70): Illuminate\\Database\\Seeder->__invoke()
#8 /mnt/c/Users/aluno.lab03/Documents/atividade_03/web_02/vendor/laravel/framework/src/Illuminate/Database/Eloquent/Concerns/GuardsAttributes.php(155): Illuminate\\Database\\Console\\Seeds\\SeedCommand->Illuminate\\Database\\Console\\Seeds\\{closure}()
#9 /mnt/c/Users/aluno.lab03/Documents/atividade_03/web_02/vendor/laravel/framework/src/Illuminate/Database/Console/Seeds/SeedCommand.php(69): Illuminate\\Database\\Eloquent\\Model::unguarded(Object(Closure))
#10 /mnt/c/Users/aluno.lab03/Documents/atividade_03/web_02/vendor/laravel/framework/src/Illuminate/Container/BoundMethod.php(36): Illuminate\\Database\\Console\\Seeds\\SeedCommand->handle()
#11 /mnt/c/Users/aluno.lab03/Documents/atividade_03/web_02/vendor/laravel/framework/src/Illuminate/Container/Util.php(43): Illuminate\\Container\\BoundMethod::Illuminate\\Container\\{closure}()
#12 /mnt/c/Users/aluno.lab03/Documents/atividade_03/web_02/vendor/laravel/framework/src/Illuminate/Container/BoundMethod.php(95): Illuminate\\Container\\Util::unwrapIfClosure(Object(Closure))
#13 /mnt/c/Users/aluno.lab03/Documents/atividade_03/web_02/vendor/laravel/framework/src/Illuminate/Container/BoundMethod.php(35): Illuminate\\Container\\BoundMethod::callBoundMethod(Object(Illuminate\\Foundation\\Application), Array, Object(Closure))
#14 /mnt/c/Users/aluno.lab03/Documents/atividade_03/web_02/vendor/laravel/framework/src/Illuminate/Container/Container.php(690): Illuminate\\Container\\BoundMethod::call(Object(Illuminate\\Foundation\\Application), Array, Array, NULL)
#15 /mnt/c/Users/aluno.lab03/Documents/atividade_03/web_02/vendor/laravel/framework/src/Illuminate/Console/Command.php(213): Illuminate\\Container\\Container->call(Array)
#16 /mnt/c/Users/aluno.lab03/Documents/atividade_03/web_02/vendor/symfony/console/Command/Command.php(279): Illuminate\\Console\\Command->execute(Object(Symfony\\Component\\Console\\Input\\ArgvInput), Object(Illuminate\\Console\\OutputStyle))
#17 /mnt/c/Users/aluno.lab03/Documents/atividade_03/web_02/vendor/laravel/framework/src/Illuminate/Console/Command.php(182): Symfony\\Component\\Console\\Command\\Command->run(Object(Symfony\\Component\\Console\\Input\\ArgvInput), Object(Illuminate\\Console\\OutputStyle))
#18 /mnt/c/Users/aluno.lab03/Documents/atividade_03/web_02/vendor/symfony/console/Application.php(1047): Illuminate\\Console\\Command->run(Object(Symfony\\Component\\Console\\Input\\ArgvInput), Object(Symfony\\Component\\Console\\Output\\ConsoleOutput))
#19 /mnt/c/Users/aluno.lab03/Documents/atividade_03/web_02/vendor/symfony/console/Application.php(316): Symfony\\Component\\Console\\Application->doRunCommand(Object(Illuminate\\Database\\Console\\Seeds\\SeedCommand), Object(Symfony\\Component\\Console\\Input\\ArgvInput), Object(Symfony\\Component\\Console\\Output\\ConsoleOutput))
#20 /mnt/c/Users/aluno.lab03/Documents/atividade_03/web_02/vendor/symfony/console/Application.php(167): Symfony\\Component\\Console\\Application->doRun(Object(Symfony\\Component\\Console\\Input\\ArgvInput), Object(Symfony\\Component\\Console\\Output\\ConsoleOutput))
#21 /mnt/c/Users/aluno.lab03/Documents/atividade_03/web_02/vendor/laravel/framework/src/Illuminate/Foundation/Console/Kernel.php(197): Symfony\\Component\\Console\\Application->run(Object(Symfony\\Component\\Console\\Input\\ArgvInput), Object(Symfony\\Component\\Console\\Output\\ConsoleOutput))
#22 /mnt/c/Users/aluno.lab03/Documents/atividade_03/web_02/vendor/laravel/framework/src/Illuminate/Foundation/Application.php(1203): Illuminate\\Foundation\\Console\\Kernel->handle(Object(Symfony\\Component\\Console\\Input\\ArgvInput), Object(Symfony\\Component\\Console\\Output\\ConsoleOutput))
#23 /mnt/c/Users/aluno.lab03/Documents/atividade_03/web_02/artisan(13): Illuminate\\Foundation\\Application->handleCommand(Object(Symfony\\Component\\Console\\Input\\ArgvInput))
#24 {main}
"} 
[2024-11-11 16:45:07] local.ERROR: Trait "App\Models\Hasfactory" not found {"exception":"[object] (Symfony\\Component\\ErrorHandler\\Error\\FatalError(code: 0): Trait \"App\\Models\\Hasfactory\" not found at /mnt/c/Users/aluno.lab03/Documents/atividade_03/web_02/app/Models/Author.php:7)
[stacktrace]
#0 {main}
"} 
[2024-11-11 16:46:30] local.ERROR: Trait "App\Models\Hasfactory" not found {"exception":"[object] (Symfony\\Component\\ErrorHandler\\Error\\FatalError(code: 0): Trait \"App\\Models\\Hasfactory\" not found at /mnt/c/Users/aluno.lab03/Documents/atividade_03/web_02/app/Models/Author.php:8)
[stacktrace]
#0 {main}
"} 
[2024-11-11 16:48:57] local.ERROR: Trait "App\Models\Hassfactory" not found {"exception":"[object] (Symfony\\Component\\ErrorHandler\\Error\\FatalError(code: 0): Trait \"App\\Models\\Hassfactory\" not found at /mnt/c/Users/aluno.lab03/Documents/atividade_03/web_02/app/Models/Book.php:8)
[stacktrace]
#0 {main}
"} 
